  [1m[35m (0.1ms)[0m  [1m[34mSELECT sqlite_version(*)[0m
  ↳ /Users/kevinjoya/.rvm/gems/ruby-2.4.1/bin/rake:23
  [1m[35m (1.2ms)[0m  [1m[35mCREATE TABLE "schema_migrations" ("version" varchar NOT NULL PRIMARY KEY)[0m
  ↳ /Users/kevinjoya/.rvm/gems/ruby-2.4.1/bin/rake:23
  [1m[35m (1.2ms)[0m  [1m[35mCREATE TABLE "ar_internal_metadata" ("key" varchar NOT NULL PRIMARY KEY, "value" varchar, "created_at" datetime NOT NULL, "updated_at" datetime NOT NULL)[0m
  ↳ /Users/kevinjoya/.rvm/gems/ruby-2.4.1/bin/rake:23
  [1m[35m (0.1ms)[0m  [1m[34mSELECT "schema_migrations"."version" FROM "schema_migrations" ORDER BY "schema_migrations"."version" ASC[0m
  ↳ /Users/kevinjoya/.rvm/gems/ruby-2.4.1/bin/rake:23
Migrating to CreateMovies (20190517115832)
  [1m[35m (0.1ms)[0m  [1m[36mbegin transaction[0m
  ↳ /Users/kevinjoya/.rvm/gems/ruby-2.4.1/bin/rake:23
  [1m[35m (0.4ms)[0m  [1m[35mCREATE TABLE "movies" ("id" integer PRIMARY KEY AUTOINCREMENT NOT NULL, "title" varchar, "description" text, "imgae_url" varchar, "teaser" varchar, "rating" integer, "created_at" datetime NOT NULL, "updated_at" datetime NOT NULL)[0m
  ↳ db/migrate/20190517115832_create_movies.rb:3
  [1m[36mActiveRecord::SchemaMigration Create (0.2ms)[0m  [1m[32mINSERT INTO "schema_migrations" ("version") VALUES (?)[0m  [["version", "20190517115832"]]
  ↳ /Users/kevinjoya/.rvm/gems/ruby-2.4.1/bin/rake:23
  [1m[35m (0.8ms)[0m  [1m[36mcommit transaction[0m
  ↳ /Users/kevinjoya/.rvm/gems/ruby-2.4.1/bin/rake:23
  [1m[36mActiveRecord::InternalMetadata Load (0.2ms)[0m  [1m[34mSELECT  "ar_internal_metadata".* FROM "ar_internal_metadata" WHERE "ar_internal_metadata"."key" = ? LIMIT ?[0m  [["key", "environment"], ["LIMIT", 1]]
  ↳ /Users/kevinjoya/.rvm/gems/ruby-2.4.1/bin/rake:23
  [1m[35m (0.1ms)[0m  [1m[36mbegin transaction[0m
  ↳ /Users/kevinjoya/.rvm/gems/ruby-2.4.1/bin/rake:23
  [1m[36mActiveRecord::InternalMetadata Create (0.3ms)[0m  [1m[32mINSERT INTO "ar_internal_metadata" ("key", "value", "created_at", "updated_at") VALUES (?, ?, ?, ?)[0m  [["key", "environment"], ["value", "development"], ["created_at", "2019-05-17 11:58:42.483565"], ["updated_at", "2019-05-17 11:58:42.483565"]]
  ↳ /Users/kevinjoya/.rvm/gems/ruby-2.4.1/bin/rake:23
  [1m[35m (0.8ms)[0m  [1m[36mcommit transaction[0m
  ↳ /Users/kevinjoya/.rvm/gems/ruby-2.4.1/bin/rake:23
  [1m[35m (0.1ms)[0m  [1m[34mSELECT "schema_migrations"."version" FROM "schema_migrations" ORDER BY "schema_migrations"."version" ASC[0m
  ↳ /Users/kevinjoya/.rvm/gems/ruby-2.4.1/bin/rake:23
  [1m[35m (0.7ms)[0m  [1m[34mSELECT "schema_migrations"."version" FROM "schema_migrations" ORDER BY "schema_migrations"."version" ASC[0m
  ↳ /Users/kevinjoya/.rvm/gems/ruby-2.4.1/bin/rake:23
  [1m[36mActiveRecord::InternalMetadata Load (1.1ms)[0m  [1m[34mSELECT  "ar_internal_metadata".* FROM "ar_internal_metadata" WHERE "ar_internal_metadata"."key" = ? LIMIT ?[0m  [["key", "environment"], ["LIMIT", 1]]
  ↳ /Users/kevinjoya/.rvm/gems/ruby-2.4.1/bin/rake:23
  [1m[35m (0.1ms)[0m  [1m[36mbegin transaction[0m
  ↳ /Users/kevinjoya/.rvm/gems/ruby-2.4.1/bin/rake:23
  [1m[35m (0.0ms)[0m  [1m[36mcommit transaction[0m
  ↳ /Users/kevinjoya/.rvm/gems/ruby-2.4.1/bin/rake:23
  [1m[35m (0.1ms)[0m  [1m[34mSELECT "schema_migrations"."version" FROM "schema_migrations" ORDER BY "schema_migrations"."version" ASC[0m
  ↳ /Users/kevinjoya/.rvm/gems/ruby-2.4.1/bin/rake:23
  [1m[35m (0.4ms)[0m  [1m[34mSELECT "schema_migrations"."version" FROM "schema_migrations" ORDER BY "schema_migrations"."version" ASC[0m
  ↳ /Users/kevinjoya/.rvm/gems/ruby-2.4.1/bin/rake:23
  [1m[36mActiveRecord::InternalMetadata Load (0.7ms)[0m  [1m[34mSELECT  "ar_internal_metadata".* FROM "ar_internal_metadata" WHERE "ar_internal_metadata"."key" = ? LIMIT ?[0m  [["key", "environment"], ["LIMIT", 1]]
  ↳ /Users/kevinjoya/.rvm/gems/ruby-2.4.1/bin/rake:23
  [1m[35m (0.0ms)[0m  [1m[36mbegin transaction[0m
  ↳ /Users/kevinjoya/.rvm/gems/ruby-2.4.1/bin/rake:23
  [1m[35m (0.0ms)[0m  [1m[36mcommit transaction[0m
  ↳ /Users/kevinjoya/.rvm/gems/ruby-2.4.1/bin/rake:23
  [1m[35m (0.3ms)[0m  [1m[34mSELECT "schema_migrations"."version" FROM "schema_migrations" ORDER BY "schema_migrations"."version" ASC[0m
  ↳ /Users/kevinjoya/.rvm/gems/ruby-2.4.1/bin/rake:23
  [1m[35m (0.4ms)[0m  [1m[34mSELECT "schema_migrations"."version" FROM "schema_migrations" ORDER BY "schema_migrations"."version" ASC[0m
  ↳ /Users/kevinjoya/.rvm/gems/ruby-2.4.1/bin/rake:23
Migrating to DeviseCreateUsers (20190517120357)
  [1m[35m (0.1ms)[0m  [1m[36mbegin transaction[0m
  ↳ /Users/kevinjoya/.rvm/gems/ruby-2.4.1/bin/rake:23
  [1m[35m (0.2ms)[0m  [1m[34mSELECT sqlite_version(*)[0m
  ↳ db/migrate/20190517120357_devise_create_users.rb:5
  [1m[35m (1.9ms)[0m  [1m[35mCREATE TABLE "users" ("id" integer PRIMARY KEY AUTOINCREMENT NOT NULL, "email" varchar DEFAULT '' NOT NULL, "encrypted_password" varchar DEFAULT '' NOT NULL, "reset_password_token" varchar, "reset_password_sent_at" datetime, "remember_created_at" datetime, "created_at" datetime NOT NULL, "updated_at" datetime NOT NULL)[0m
  ↳ db/migrate/20190517120357_devise_create_users.rb:5
  [1m[35m (0.2ms)[0m  [1m[35mCREATE UNIQUE INDEX "index_users_on_email" ON "users" ("email")[0m
  ↳ db/migrate/20190517120357_devise_create_users.rb:39
  [1m[35m (0.1ms)[0m  [1m[35mCREATE UNIQUE INDEX "index_users_on_reset_password_token" ON "users" ("reset_password_token")[0m
  ↳ db/migrate/20190517120357_devise_create_users.rb:40
  [1m[36mActiveRecord::SchemaMigration Create (0.4ms)[0m  [1m[32mINSERT INTO "schema_migrations" ("version") VALUES (?)[0m  [["version", "20190517120357"]]
  ↳ /Users/kevinjoya/.rvm/gems/ruby-2.4.1/bin/rake:23
  [1m[35m (1.4ms)[0m  [1m[36mcommit transaction[0m
  ↳ /Users/kevinjoya/.rvm/gems/ruby-2.4.1/bin/rake:23
  [1m[36mActiveRecord::InternalMetadata Load (0.5ms)[0m  [1m[34mSELECT  "ar_internal_metadata".* FROM "ar_internal_metadata" WHERE "ar_internal_metadata"."key" = ? LIMIT ?[0m  [["key", "environment"], ["LIMIT", 1]]
  ↳ /Users/kevinjoya/.rvm/gems/ruby-2.4.1/bin/rake:23
  [1m[35m (0.1ms)[0m  [1m[36mbegin transaction[0m
  ↳ /Users/kevinjoya/.rvm/gems/ruby-2.4.1/bin/rake:23
  [1m[35m (0.1ms)[0m  [1m[36mcommit transaction[0m
  ↳ /Users/kevinjoya/.rvm/gems/ruby-2.4.1/bin/rake:23
  [1m[35m (0.1ms)[0m  [1m[34mSELECT "schema_migrations"."version" FROM "schema_migrations" ORDER BY "schema_migrations"."version" ASC[0m
  ↳ /Users/kevinjoya/.rvm/gems/ruby-2.4.1/bin/rake:23
  [1m[35m (0.4ms)[0m  [1m[34mSELECT "schema_migrations"."version" FROM "schema_migrations" ORDER BY "schema_migrations"."version" ASC[0m
  ↳ /Users/kevinjoya/.rvm/gems/ruby-2.4.1/bin/rake:23
  [1m[36mActiveRecord::InternalMetadata Load (0.5ms)[0m  [1m[34mSELECT  "ar_internal_metadata".* FROM "ar_internal_metadata" WHERE "ar_internal_metadata"."key" = ? LIMIT ?[0m  [["key", "environment"], ["LIMIT", 1]]
  ↳ /Users/kevinjoya/.rvm/gems/ruby-2.4.1/bin/rake:23
  [1m[35m (0.1ms)[0m  [1m[36mbegin transaction[0m
  ↳ /Users/kevinjoya/.rvm/gems/ruby-2.4.1/bin/rake:23
  [1m[35m (0.0ms)[0m  [1m[36mcommit transaction[0m
  ↳ /Users/kevinjoya/.rvm/gems/ruby-2.4.1/bin/rake:23
  [1m[35m (0.1ms)[0m  [1m[34mSELECT "schema_migrations"."version" FROM "schema_migrations" ORDER BY "schema_migrations"."version" ASC[0m
  ↳ /Users/kevinjoya/.rvm/gems/ruby-2.4.1/bin/rake:23
  [1m[35m (0.5ms)[0m  [1m[34mSELECT "schema_migrations"."version" FROM "schema_migrations" ORDER BY "schema_migrations"."version" ASC[0m
  ↳ /Users/kevinjoya/.rvm/gems/ruby-2.4.1/bin/rake:23
Migrating to FixColumnName (20190517121555)
  [1m[35m (0.1ms)[0m  [1m[36mbegin transaction[0m
  ↳ /Users/kevinjoya/.rvm/gems/ruby-2.4.1/bin/rake:23
  [1m[35m (0.1ms)[0m  [1m[31mrollback transaction[0m
  ↳ /Users/kevinjoya/.rvm/gems/ruby-2.4.1/bin/rake:23
  [1m[35m (0.5ms)[0m  [1m[34mSELECT "schema_migrations"."version" FROM "schema_migrations" ORDER BY "schema_migrations"."version" ASC[0m
  ↳ /Users/kevinjoya/.rvm/gems/ruby-2.4.1/bin/rake:23
Migrating to FixColumnName (20190517121555)
  [1m[35m (0.1ms)[0m  [1m[36mbegin transaction[0m
  ↳ /Users/kevinjoya/.rvm/gems/ruby-2.4.1/bin/rake:23
  [1m[35m (0.1ms)[0m  [1m[34mSELECT sqlite_version(*)[0m
  ↳ db/migrate/20190517121555_fix_column_name.rb:3
  [1m[35m (0.4ms)[0m  [1m[35mCREATE TEMPORARY TABLE "amovies" ("id" integer NOT NULL PRIMARY KEY, "title" varchar DEFAULT NULL, "description" text DEFAULT NULL, "image_url" varchar DEFAULT NULL, "teaser" varchar DEFAULT NULL, "rating" integer DEFAULT NULL, "created_at" datetime NOT NULL, "updated_at" datetime NOT NULL)[0m
  ↳ db/migrate/20190517121555_fix_column_name.rb:3
  [1m[35m (0.3ms)[0m  [1m[32mINSERT INTO "amovies" ("id","title","description","image_url","teaser","rating","created_at","updated_at")
                     SELECT "id","title","description","imgae_url","teaser","rating","created_at","updated_at" FROM "movies"[0m
  ↳ db/migrate/20190517121555_fix_column_name.rb:3
  [1m[35m (0.7ms)[0m  [1m[35mDROP TABLE "movies"[0m
  ↳ db/migrate/20190517121555_fix_column_name.rb:3
  [1m[35m (0.1ms)[0m  [1m[35mCREATE TABLE "movies" ("id" integer NOT NULL PRIMARY KEY, "title" varchar DEFAULT NULL, "description" text DEFAULT NULL, "image_url" varchar DEFAULT NULL, "teaser" varchar DEFAULT NULL, "rating" integer DEFAULT NULL, "created_at" datetime NOT NULL, "updated_at" datetime NOT NULL)[0m
  ↳ db/migrate/20190517121555_fix_column_name.rb:3
  [1m[35m (0.1ms)[0m  [1m[32mINSERT INTO "movies" ("id","title","description","image_url","teaser","rating","created_at","updated_at")
                     SELECT "id","title","description","image_url","teaser","rating","created_at","updated_at" FROM "amovies"[0m
  ↳ db/migrate/20190517121555_fix_column_name.rb:3
  [1m[35m (0.1ms)[0m  [1m[35mDROP TABLE "amovies"[0m
  ↳ db/migrate/20190517121555_fix_column_name.rb:3
  [1m[36mActiveRecord::SchemaMigration Create (0.5ms)[0m  [1m[32mINSERT INTO "schema_migrations" ("version") VALUES (?)[0m  [["version", "20190517121555"]]
  ↳ /Users/kevinjoya/.rvm/gems/ruby-2.4.1/bin/rake:23
  [1m[35m (2.1ms)[0m  [1m[36mcommit transaction[0m
  ↳ /Users/kevinjoya/.rvm/gems/ruby-2.4.1/bin/rake:23
  [1m[36mActiveRecord::InternalMetadata Load (0.6ms)[0m  [1m[34mSELECT  "ar_internal_metadata".* FROM "ar_internal_metadata" WHERE "ar_internal_metadata"."key" = ? LIMIT ?[0m  [["key", "environment"], ["LIMIT", 1]]
  ↳ /Users/kevinjoya/.rvm/gems/ruby-2.4.1/bin/rake:23
  [1m[35m (0.0ms)[0m  [1m[36mbegin transaction[0m
  ↳ /Users/kevinjoya/.rvm/gems/ruby-2.4.1/bin/rake:23
  [1m[35m (0.0ms)[0m  [1m[36mcommit transaction[0m
  ↳ /Users/kevinjoya/.rvm/gems/ruby-2.4.1/bin/rake:23
  [1m[35m (0.1ms)[0m  [1m[34mSELECT "schema_migrations"."version" FROM "schema_migrations" ORDER BY "schema_migrations"."version" ASC[0m
  ↳ /Users/kevinjoya/.rvm/gems/ruby-2.4.1/bin/rake:23
